username	id	image_url	total
Zack_Kemmer93	145	https://jarret.name	48
Malinda_Streich	127	https://celestine.name	43
Adelle96	182	https://dorcas.biz	43
Seth46	123	http://shannon.org	42
Presley_McClure	30	http://kenny.com	41
Annalise.McKenzie16	52	https://hershel.com	41
Delpha.Kihn	61	https://dejon.name	41
Meggie_Doyle	147	https://adela.com	41
Elenor88	174	https://delbert.net	41
Kathryn80	192	https://anahi.info	41
Javonte83	256	https://kaela.name	41
Harley_Lind18	13	https://fred.com	40
Irwin.Larson	97	https://carolanne.com	40
Aurelie71	153	http://janie.com	40
Cesar93	161	https://clare.org	40
Damon35	244	http://freeda.biz	40
Alexandro35	44	http://golden.org	39
Kenneth64	62	https://rigoberto.net	39
Eveline95	66	http://lionel.net	39
Yvette.Gottlieb91	100	https://brook.com	39
Yazmin_Mills95	107	https://everette.biz	39
Kelsi26	110	https://cesar.com	39
Janet.Armstrong	118	http://whitney.net	39
Janet.Armstrong	119	http://garrison.name	39
Zack_Kemmer93	144	https://roderick.name	39
Florence99	180	https://vivien.com	39
Donald.Fritsch	199	http://linnie.com	39
Donald.Fritsch	201	https://jane.net	39
Colten.Harris76	205	http://ted.info	39
Rick29	227	http://nigel.biz	39
Kenton_Kirlin	3	http://vicky.biz	38
Kenton_Kirlin	4	http://oleta.net	38
Andre_Purdy85	7	https://selina.name	38
Tabitha_Schamberger11	23	http://madison.net	38
Justina.Gaylord27	37	http://camille.name	38
Dereck65	41	https://adella.net	38
Eveline95	63	http://megane.biz	38
Eveline95	69	http://harvey.info	38
Dario77	81	https://jacinto.org	38
Aurelie71	150	http://ruben.net	38
Aurelie71	155	http://pearl.info	38
Cesar93	162	https://malcolm.name	38
Jayson65	169	http://annabelle.org	38
Adelle96	183	http://hettie.net	38
Jaylan.Lakin	196	http://stan.biz	38
Donald.Fritsch	197	http://jarred.net	38
Aracely.Johnston98	210	http://penelope.info	38
Arely_Bogan63	16	https://maudie.org	37
Dereck65	40	https://tyshawn.com	37
Alexandro35	42	https://cielo.info	37
Alexandro35	43	https://easter.net	37
Billy52	49	http://estevan.org	37
Norbert_Carroll35	57	http://kirk.org	37
Hailee26	59	http://rylan.biz	37
Eveline95	71	https://tito.name	37
Jaime53	87	http://emery.net	37
Seth46	120	https://olga.org	37
Granville_Kutch	133	https://edyth.com	37
Florence99	178	http://devon.info	37
Donald.Fritsch	198	http://jovanny.net	37
Colten.Harris76	203	http://trever.org	37
Alysa22	212	http://cynthia.info	37
Rick29	225	https://celestino.name	37
Clint27	230	http://destini.net	37
Frederik_Rice	241	https://sid.biz	37
Keenan.Schamberger60	248	https://maggie.info	37
Kenton_Kirlin	2	https://shanon.org	36
Travon.Waters	17	http://annamae.name	36
Travon.Waters	21	https://lisa.com	36
Tabitha_Schamberger11	25	http://darron.info	36
Gus93	28	http://vance.org	36
Annalise.McKenzie16	53	http://collin.com	36
Norbert_Carroll35	56	http://tristin.name	36
Odessa2	58	https://modesta.info	36
Jaime53	85	http://fabiola.org	36
Jaime53	90	https://fanny.net	36
Yvette.Gottlieb91	101	https://gust.net	36
Lennie_Hartmann40	106	https://trycia.com	36
Maya.Farrell	113	https://darwin.net	36
Janet.Armstrong	116	https://maymie.net	36
Cesar93	166	http://kaleigh.biz	36
Ressie_Stanton46	171	https://dameon.name	36
Florence99	177	https://nolan.name	36
Emilio_Bernier52	186	http://sheila.com	36
Karley_Bosco	189	http://reva.com	36
Erick5	190	https://llewellyn.info	36
Alysa22	211	https://dimitri.info	36
Delfina_VonRueden68	222	http://germaine.org	36
Javonte83	257	http://dedrick.info	36
Arely_Bogan63	14	https://gerhard.biz	35
Travon.Waters	19	http://miracle.info	35
Travon.Waters	20	http://emmet.com	35
Tabitha_Schamberger11	24	http://annie.name	35
Justina.Gaylord27	36	http://kennith.net	35
Billy52	48	http://tressie.info	35
Norbert_Carroll35	55	https://deondre.com	35
Eveline95	67	http://danyka.net	35
Josianne.Friesen	77	https://jarret.info	35
Darwin29	80	https://holden.com	35
Dario77	82	https://geoffrey.info	35
Dario77	84	https://trinity.biz	35
Yvette.Gottlieb91	103	http://barton.name	35
Maya.Farrell	112	https://lina.biz	35
Janet.Armstrong	117	http://joanie.name	35
Malinda_Streich	126	http://lia.biz	35
Gerard79	136	https://marianna.info	35
Mariano_Koch3	137	https://roel.org	35
Cesar93	158	http://leo.com	35
Adelle96	181	https://hilda.info	35
Colten.Harris76	204	http://emilie.net	35
Colten.Harris76	206	http://keshawn.org	35
Milford_Gleichner42	213	http://princess.org	35
Clint27	232	https://brittany.org	35
Clint27	234	https://devonte.name	35
Willie_Leuschke	243	https://erik.com	35
Arely_Bogan63	15	https://sherwood.net	34
Dereck65	39	http://ralph.name	34
Alexandro35	45	http://kendall.biz	34
Alexandro35	46	https://glenda.info	34
Eveline95	64	http://emmalee.org	34
Eveline95	68	https://woodrow.com	34
Eveline95	70	http://aiden.org	34
Eveline95	74	http://verner.org	34
Josianne.Friesen	78	http://einar.net	34
Josianne.Friesen	79	http://terry.info	34
Jaime53	86	https://bryce.org	34
Jaime53	91	http://lottie.net	34
Kaley9	94	http://virginia.org	34
Irwin.Larson	98	https://margarita.info	34
Irwin.Larson	99	https://kayden.biz	34
Yvette.Gottlieb91	102	http://bridie.name	34
Seth46	121	https://donavon.org	34
Malinda_Streich	124	http://kendrick.net	34
Harrison.Beatty50	128	http://laila.info	34
Gerard79	134	https://isaias.biz	34
Mariano_Koch3	138	http://julia.info	34
Mariano_Koch3	141	http://quinten.info	34
Aurelie71	149	https://lila.biz	34
Aurelie71	154	http://myron.org	34
Ressie_Stanton46	170	http://ephraim.com	34
Elenor88	173	https://jasmin.biz	34
Donald.Fritsch	200	http://dino.name	34
Aracely.Johnston98	209	https://humberto.org	34
Delfina_VonRueden68	217	https://timmy.info	34
Delfina_VonRueden68	221	http://lucio.org	34
Clint27	231	https://mariano.net	34
Clint27	233	https://madaline.name	34
Clint27	235	https://blanche.net	34
Keenan.Schamberger60	249	https://cecilia.net	34
Imani_Nicolas17	252	http://jennie.com	34
Harley_Lind18	11	https://marcelino.com	33
Gus93	29	http://ignacio.net	33
Presley_McClure	32	http://kurtis.info	33
Eveline95	65	http://nathan.net	33
Eveline95	72	https://julian.net	33
Josianne.Friesen	75	https://elmore.org	33
Jaime53	88	https://marian.biz	33
Lennie_Hartmann40	105	https://mariam.com	33
Jordyn.Jacobson2	109	http://arthur.name	33
Rafael.Hickle2	111	http://charlie.com	33
Seth46	122	http://moses.biz	33
Malinda_Streich	125	https://carey.com	33
Mariano_Koch3	140	https://earline.info	33
Zack_Kemmer93	146	https://cathrine.com	33
Peter.Stehr0	148	https://demarco.com	33
Aurelie71	152	http://rickey.name	33
Cesar93	157	https://carmella.com	33
Cesar93	163	https://lesly.com	33
Florence99	176	https://jessy.name	33
Adelle96	185	http://jody.biz	33
Delfina_VonRueden68	220	https://colt.org	33
Rick29	226	http://violet.info	33
Willie_Leuschke	242	https://jadyn.name	33
Nicole71	245	http://ayden.name	33
Alek_Watsica	255	https://xzavier.org	33
Justina.Gaylord27	34	https://henderson.com	32
Justina.Gaylord27	35	http://bonnie.info	32
Hailee26	60	https://noemie.com	32
Josianne.Friesen	76	http://kasandra.com	32
Jaime53	89	https://kennedi.org	32
Irwin.Larson	96	http://roger.info	32
Maya.Farrell	114	https://aliyah.biz	32
Zack_Kemmer93	142	https://dolores.org	32
Aurelie71	151	https://alia.name	32
Cesar93	164	https://roberta.net	32
Sam52	168	http://delpha.com	32
Elenor88	172	https://julianne.org	32
Delfina_VonRueden68	218	http://susie.info	32
Delfina_VonRueden68	219	http://hollis.com	32
Clint27	229	https://emilia.org	32
Clint27	237	http://mekhi.name	32
Alek_Watsica	253	http://ryleigh.info	32
Kenton_Kirlin	5	https://jennings.biz	31
Andre_Purdy85	6	https://quinn.biz	31
Andre_Purdy85	9	https://branson.biz	31
Travon.Waters	18	https://mac.org	31
Gus93	27	https://reece.net	31
Presley_McClure	31	http://remington.name	31
Dereck65	38	http://alena.net	31
Annalise.McKenzie16	54	https://clair.com	31
Eveline95	73	https://mafalda.org	31
Dario77	83	http://paxton.com	31
Kaley9	93	https://jensen.name	31
Yvette.Gottlieb91	104	https://karina.biz	31
Janet.Armstrong	115	http://euna.info	31
Aurelie71	156	http://victoria.biz	31
Cesar93	159	http://jedediah.net	31
Cesar93	160	http://sedrick.net	31
Sam52	167	http://blanca.org	31
Emilio_Bernier52	187	http://germaine.name	31
Kathryn80	191	http://ellen.info	31
Donald.Fritsch	202	http://laney.name	31
Colten.Harris76	207	http://ole.info	31
Rick29	224	http://helena.name	31
Clint27	228	https://noble.net	31
Frederik_Rice	239	https://devan.com	31
Nicole71	246	https://kathleen.biz	31
Tomas.Beatty93	250	http://ayla.org	31
Alek_Watsica	254	https://darien.name	31
Harley_Lind18	10	https://elenor.name	30
Gus93	26	http://saige.com	30
Billy52	47	http://dominic.biz	30
Harrison.Beatty50	132	http://kailee.org	30
Zack_Kemmer93	143	https://aimee.info	30
Florence99	179	http://ora.net	30
Adelle96	184	http://rico.biz	30
Emilio_Bernier52	188	https://mariane.org	30
Kathryn80	193	https://javonte.org	30
Delfina_VonRueden68	216	http://deontae.org	30
Clint27	236	http://cali.net	30
Frederik_Rice	240	https://jarrett.name	30
Harley_Lind18	12	http://felicity.name	29
Justina.Gaylord27	33	https://alisha.com	29
Annalise.McKenzie16	51	https://abagail.com	29
Jaime53	92	http://lacy.biz	29
Jordyn.Jacobson2	108	http://boris.biz	29
Harrison.Beatty50	129	http://buddy.com	29
Harrison.Beatty50	130	http://americo.biz	29
Harrison.Beatty50	131	http://lurline.info	29
Gerard79	135	http://rosetta.net	29
Cesar93	165	https://estell.info	29
Kathryn80	194	http://florine.org	29
Katarina.Dibbert	208	https://ford.biz	29
Milford_Gleichner42	214	https://ruthie.info	29
Delfina_VonRueden68	215	https://evan.name	29
Tabitha_Schamberger11	22	https://brooklyn.name	28
Aiyana_Hoeger	95	https://ariel.net	28
Elenor88	175	https://norval.com	28
Keenan.Schamberger60	247	https://helmer.org	28
Tomas.Beatty93	251	https://elyssa.biz	28
Andre_Purdy85	8	http://malvina.org	27
Billy52	50	http://zena.com	27
Mariano_Koch3	139	https://seamus.org	27
Clint27	238	http://adela.com	27
Kathryn80	195	http://marcellus.info	26
Kenton_Kirlin	1	http://elijah.biz	25
Delfina_VonRueden68	223	http://howard.net	25
