==================================================================================
August-22-2022-18:05
==================================================================================
list-package
==================================================================================
wget

wget/jammy,now 1.21.2-2ubuntu1 amd64 [installed]
==================================================================================
curl

curl/jammy-updates,jammy-security,now 7.81.0-1ubuntu1.3 amd64 [installed]
libcurl3-gnutls/jammy-updates,jammy-security,now 7.81.0-1ubuntu1.3 amd64 [installed,automatic]
libcurl4/jammy-updates,jammy-security,now 7.81.0-1ubuntu1.3 amd64 [installed,automatic]
==================================================================================
zip

gzip/jammy,now 1.10-4ubuntu4 amd64 [installed]
python3-zipp/jammy,now 1.0.0-3 all [installed,automatic]
unzip/jammy,now 6.0-26ubuntu3 amd64 [installed]
zip/jammy,now 3.0-12build2 amd64 [installed]
==================================================================================
htop

htop/jammy,now 3.0.5-7build2 amd64 [installed]
==================================================================================
